
ROM used:   135/8192 (2%)
            135/8192 (2%) including unused fragments

            0.2 Average locations per line
            3.6 Average locations per statement

RAM used:   6/368 (2%) at main() level
            6/368 (2%) worst case

Stack used: 0 worst case (0 in main + 0 for interrupts)
Stack size: 8

Lines Stmts  %   Files
----- ----- ---  -----
   62    38 100  carrito.c
  671     0   0  ..\..\..\..\..\..\Program Files (x86)\PICC\Devices\16F877A.h
----- -----
  733    38 Total

Page ROM  %  RAM   Vol Diff  Functions:
---- --- --- ---   --- ----  ----------
0    131  97    1   834  3.9  main
 Inline         0             @cinit1

Program metrics:
    Functions               1
    Statements              38
    Comments                130
    Volume (V)              837
    Difficulty (D)          3.8
    Effort to implement (E) 3172
    Time to implement (T)   3 minutes
    Est Delivered Bugs (B)  0
    Cyclomatic Complexity   9
    Maintainability (MI)    29

 Segment     Used  Free
-----------  ----  ----
00000-00003     4  0  
00004-007FF   131  1913  
00800-00FFF     0  2048  
01000-017FF     0  2048  
01800-01FFF     0  2048  



