
ROM used:   212/8192 (3%)
            212/8192 (3%) including unused fragments

            0.3 Average locations per line
            3.9 Average locations per statement

RAM used:   6/368 (2%) at main() level
            6/368 (2%) worst case

Stack used: 0 worst case (0 in main + 0 for interrupts)
Stack size: 8

Lines Stmts  %   Files
----- ----- ---  -----
   91    54 100  codigo1.c
  671     0   0  ..\..\..\..\..\..\Program Files (x86)\PICC\Devices\16F877A.h
----- -----
  762    54 Total

Page ROM  %  RAM   Vol Diff  Functions:
---- --- --- ---   --- ----  ----------
0    208  98    1  1394  3.9  main
 Inline         0             @cinit1

Program metrics:
    Functions               1
    Statements              54
    Comments                119
    Volume (V)              1397
    Difficulty (D)          3.9
    Effort to implement (E) 5413
    Time to implement (T)   5 minutes
    Est Delivered Bugs (B)  0
    Cyclomatic Complexity   5
    Maintainability (MI)    21

 Segment     Used  Free
-----------  ----  ----
00000-00003     4  0  
00004-007FF   208  1836  
00800-00FFF     0  2048  
01000-017FF     0  2048  
01800-01FFF     0  2048  



