
ROM used:   214/8192 (3%)
            214/8192 (3%) including unused fragments

            0.3 Average locations per line
            4.0 Average locations per statement

RAM used:   6/368 (2%) at main() level
            6/368 (2%) worst case

Stack used: 1 worst case (1 in main + 0 for interrupts)
Stack size: 8

Lines Stmts  %   Files
----- ----- ---  -----
  104    54 100  codigox.c
  671     0   0  ..\..\..\..\..\..\Program Files (x86)\PICC\Devices\16F877A.h
----- -----
  775    54 Total

Page ROM  %  RAM   Vol Diff  Functions:
---- --- --- ---   --- ----  ----------
0     33  15    0   149  1.3  stop_motors
0    177  83    1  1191  5.8  MAIN
 Inline         0             @cinit1

Program metrics:
    Functions               2
    Statements              54
    Comments                119
    Volume (V)              1480
    Difficulty (D)          7.1
    Effort to implement (E) 10534
    Time to implement (T)   10 minutes
    Est Delivered Bugs (B)  0
    Cyclomatic Complexity   6
    Maintainability (MI)    54

 Segment     Used  Free
-----------  ----  ----
00000-00003     4  0  
00004-007FF   210  1834  
00800-00FFF     0  2048  
01000-017FF     0  2048  
01800-01FFF     0  2048  



