
ROM used:   195/8192 (2%)
            195/8192 (2%) including unused fragments

            0.3 Average locations per line
            5.3 Average locations per statement

RAM used:   7/368 (2%) at main() level
            7/368 (2%) worst case

Stack used: 0 worst case (0 in main + 0 for interrupts)
Stack size: 8

Lines Stmts  %   Files
----- ----- ---  -----
   76    37 100  estados log.c
  671     0   0  ..\..\..\..\..\..\Program Files (x86)\PICC\Devices\16F877A.h
----- -----
  747    37 Total

Page ROM  %  RAM   Vol Diff  Functions:
---- --- --- ---   --- ----  ----------
0    191  98    1  1009  5.3  main
 Inline         0             @cinit1

Program metrics:
    Functions               1
    Statements              37
    Comments                126
    Volume (V)              1012
    Difficulty (D)          5.2
    Effort to implement (E) 5310
    Time to implement (T)   5 minutes
    Est Delivered Bugs (B)  0
    Cyclomatic Complexity   7
    Maintainability (MI)    25

 Segment     Used  Free
-----------  ----  ----
00000-00003     4  0  
00004-007FF   191  1853  
00800-00FFF     0  2048  
01000-017FF     0  2048  
01800-01FFF     0  2048  



