
ROM used:   359/8192 (4%)
            359/8192 (4%) including unused fragments

            0.4 Average locations per line
            3.9 Average locations per statement

RAM used:   6/368 (2%) at main() level
            9/368 (2%) worst case

Stack used: 3 worst case (3 in main + 0 for interrupts)
Stack size: 8

Lines Stmts  %   Files
----- ----- ---  -----
  155    93 100  nose.c
  671     0   0  ..\..\..\..\..\..\Program Files (x86)\PICC\Devices\16F877A.h
----- -----
  826    93 Total

Page ROM  %  RAM   Vol Diff  Functions:
---- --- --- ---   --- ----  ----------
0     21   6    1             @delay_ms1
0     20   6    0    86  1.3  detener_motores
0     37  10    3   265  3.7  verificar_cambio_algoritmo
0    121  34    2   922  2.9  algoritmo_mano_derecha
0    134  37    2  1030  2.9  algoritmo_mano_izquierda
0     22   6    0    90  2.6  MAIN
 Inline         0             @cinit1

Program metrics:
    Functions               5
    Statements              93
    Comments                141
    Volume (V)              3177
    Difficulty (D)          14.1
    Effort to implement (E) 44667
    Time to implement (T)   41 minutes
    Est Delivered Bugs (B)  0
    Cyclomatic Complexity   11
    Maintainability (MI)    136

 Segment     Used  Free
-----------  ----  ----
00000-00003     4  0  
00004-007FF   355  1689  
00800-00FFF     0  2048  
01000-017FF     0  2048  
01800-01FFF     0  2048  



