
ROM used:   127/8192 (2%)
            127/8192 (2%) including unused fragments

            0.2 Average locations per line
            3.6 Average locations per statement

RAM used:   7/368 (2%) at main() level
            7/368 (2%) worst case

Stack used: 0 worst case (0 in main + 0 for interrupts)
Stack size: 8

Lines Stmts  %   Files
----- ----- ---  -----
   70    35 100  nuevo codigo.c
  671     0   0  ..\..\..\..\..\..\Program Files (x86)\PICC\Devices\16F877A.h
----- -----
  741    35 Total

Page ROM  %  RAM   Vol Diff  Functions:
---- --- --- ---   --- ----  ----------
0    123  97    1   720  3.8  main
 Inline         0             @cinit1

Program metrics:
    Functions               1
    Statements              35
    Comments                119
    Volume (V)              723
    Difficulty (D)          3.8
    Effort to implement (E) 2716
    Time to implement (T)   3 minutes
    Est Delivered Bugs (B)  0
    Cyclomatic Complexity   11
    Maintainability (MI)    30

 Segment     Used  Free
-----------  ----  ----
00000-00003     4  0  
00004-007FF   123  1921  
00800-00FFF     0  2048  
01000-017FF     0  2048  
01800-01FFF     0  2048  



