
ROM used:   175/8192 (2%)
            175/8192 (2%) including unused fragments

            0.2 Average locations per line
            6.7 Average locations per statement

RAM used:   9/368 (2%) at main() level
            9/368 (2%) worst case

Stack used: 1 worst case (1 in main + 0 for interrupts)
Stack size: 8

Lines Stmts  %   Files
----- ----- ---  -----
   51    26 100  OBS.c
  671     0   0  ..\..\..\..\..\..\Program Files (x86)\PICC\Devices\16f877a.h
----- -----
  722    26 Total

Page ROM  %  RAM   Vol Diff  Functions:
---- --- --- ---   --- ----  ----------
0     20  11    1             @delay_ms1
0    151  86    4   940  3.9  main
 Inline         0             @cinit1

Program metrics:
    Functions               1
    Statements              26
    Comments                119
    Volume (V)              946
    Difficulty (D)          3.8
    Effort to implement (E) 3569
    Time to implement (T)   3 minutes
    Est Delivered Bugs (B)  0
    Cyclomatic Complexity   3
    Maintainability (MI)    35

 Segment     Used  Free
-----------  ----  ----
00000-00003     4  0  
00004-007FF   171  1873  
00800-00FFF     0  2048  
01000-017FF     0  2048  
01800-01FFF     0  2048  



