
ROM used:   226/8192 (3%)
            226/8192 (3%) including unused fragments

            0.3 Average locations per line
            5.5 Average locations per statement

RAM used:   8/368 (2%) at main() level
            8/368 (2%) worst case

Stack used: 2 worst case (2 in main + 0 for interrupts)
Stack size: 8

Lines Stmts  %   Files
----- ----- ---  -----
   79    41 100  p.c
  671     0   0  ..\..\..\..\..\..\Program Files (x86)\PICC\Devices\16f877a.h
----- -----
  750    41 Total

Page ROM  %  RAM   Vol Diff  Functions:
---- --- --- ---   --- ----  ----------
0     20   9    1             @delay_ms1
0    118  52    3   990  4.8  main
0     19   8    0    67  1.2  ADELANTE
0     24  11    1    86  1.3  DERECHA
0     24  11    1    86  1.3  IZQUIERDA
0     17   8    0    67  1.2  STOP
 Inline         0             @cinit1

Program metrics:
    Functions               5
    Statements              41
    Comments                119
    Volume (V)              1686
    Difficulty (D)          9.8
    Effort to implement (E) 16543
    Time to implement (T)   15 minutes
    Est Delivered Bugs (B)  0
    Cyclomatic Complexity   7
    Maintainability (MI)    154

 Segment     Used  Free
-----------  ----  ----
00000-00003     4  0  
00004-007FF   222  1822  
00800-00FFF     0  2048  
01000-017FF     0  2048  
01800-01FFF     0  2048  



