
ROM used:   22/8192 (0%)
            22/8192 (0%) including unused fragments

            0.0 Average locations per line
            5.5 Average locations per statement

RAM used:   5/368 (1%) at main() level
            5/368 (1%) worst case

Stack used: 0 worst case (0 in main + 0 for interrupts)
Stack size: 8

Lines Stmts  %   Files
----- ----- ---  -----
   23     4 100  programa.c
  671     0   0  ..\..\..\..\..\..\Program Files (x86)\PICC\Devices\16F877A.h
----- -----
  694     4 Total

Page ROM  %  RAM   Vol Diff  Functions:
---- --- --- ---   --- ----  ----------
0     18  82    0    48  1.4  main
 Inline         0             @cinit1

Program metrics:
    Functions               1
    Statements              4
    Comments                122
    Volume (V)              50
    Difficulty (D)          1.3
    Effort to implement (E) 63
    Time to implement (T)   0 minutes
    Est Delivered Bugs (B)  0
    Cyclomatic Complexity   1
    Maintainability (MI)    79

 Segment     Used  Free
-----------  ----  ----
00000-00003     4  0  
00004-007FF    18  2026  
00800-00FFF     0  2048  
01000-017FF     0  2048  
01800-01FFF     0  2048  



