
ROM used:   223/8192 (3%)
            223/8192 (3%) including unused fragments

            0.3 Average locations per line
            4.5 Average locations per statement

RAM used:   6/368 (2%) at main() level
            7/368 (2%) worst case

Stack used: 1 worst case (1 in main + 0 for interrupts)
Stack size: 8

Lines Stmts  %   Files
----- ----- ---  -----
   76    50 100  semaforo A.c
  671     0   0  ..\..\..\..\..\..\Program Files (x86)\PICC\Devices\16F877A.h
----- -----
  747    50 Total

Page ROM  %  RAM   Vol Diff  Functions:
---- --- --- ---   --- ----  ----------
0     20   9    1             @delay_ms1
0    199  89    1  1324  2.0  main
 Inline         0             @cinit1

Program metrics:
    Functions               1
    Statements              50
    Comments                122
    Volume (V)              1329
    Difficulty (D)          1.9
    Effort to implement (E) 2554
    Time to implement (T)   2 minutes
    Est Delivered Bugs (B)  0
    Cyclomatic Complexity   1
    Maintainability (MI)    21

 Segment     Used  Free
-----------  ----  ----
00000-00003     4  0  
00004-007FF   219  1825  
00800-00FFF     0  2048  
01000-017FF     0  2048  
01800-01FFF     0  2048  



