
ROM used:   266/8192 (3%)
            266/8192 (3%) including unused fragments

            0.4 Average locations per line
            5.3 Average locations per statement

RAM used:   6/368 (2%) at main() level
            7/368 (2%) worst case

Stack used: 1 worst case (1 in main + 0 for interrupts)
Stack size: 8

Lines Stmts  %   Files
----- ----- ---  -----
   74    50 100  semaforo con amarillo.c
  671     0   0  ..\..\..\..\Program Files (x86)\PICC\Devices\16F877A.h
----- -----
  745    50 Total

Page ROM  %  RAM   Vol Diff  Functions:
---- --- --- ---   --- ----  ----------
0     21   8    1             @delay_ms1
0    241  91    1  1324  2.0  main
 Inline         0             @cinit1

Program metrics:
    Functions               1
    Statements              50
    Comments                153
    Volume (V)              1329
    Difficulty (D)          1.9
    Effort to implement (E) 2554
    Time to implement (T)   2 minutes
    Est Delivered Bugs (B)  0
    Cyclomatic Complexity   1
    Maintainability (MI)    85

 Segment     Used  Free
-----------  ----  ----
00000-00003     4  0  
00004-007FF   262  1782  
00800-00FFF     0  2048  
01000-017FF     0  2048  
01800-01FFF     0  2048  



