
ROM used:   160/8192 (2%)
            160/8192 (2%) including unused fragments

            0.2 Average locations per line
            5.7 Average locations per statement

RAM used:   6/368 (2%) at main() level
            7/368 (2%) worst case

Stack used: 1 worst case (1 in main + 0 for interrupts)
Stack size: 8

Lines Stmts  %   Files
----- ----- ---  -----
   45    28 100  semaforo definitivo.c
  671     0   0  ..\..\..\..\Program Files (x86)\PICC\Devices\16F877A.h
----- -----
  716    28 Total

Page ROM  %  RAM   Vol Diff  Functions:
---- --- --- ---   --- ----  ----------
0     21  13    1             @delay_ms1
0    135  84    1   647  1.9  main
 Inline         0             @cinit1

Program metrics:
    Functions               1
    Statements              28
    Comments                122
    Volume (V)              652
    Difficulty (D)          1.9
    Effort to implement (E) 1213
    Time to implement (T)   1 minutes
    Est Delivered Bugs (B)  0
    Cyclomatic Complexity   1
    Maintainability (MI)    34

 Segment     Used  Free
-----------  ----  ----
00000-00003     4  0  
00004-007FF   156  1888  
00800-00FFF     0  2048  
01000-017FF     0  2048  
01800-01FFF     0  2048  



