
ROM used:   31/8192 (0%)
            31/8192 (0%) including unused fragments

            0.0 Average locations per line
            4.4 Average locations per statement

RAM used:   5/368 (1%) at main() level
            5/368 (1%) worst case

Stack used: 0 worst case (0 in main + 0 for interrupts)
Stack size: 8

Lines Stmts  %   Files
----- ----- ---  -----
   19     7 100  sensor.c
  671     0   0  ..\..\..\..\..\..\Program Files (x86)\PICC\Devices\16f877a.h
----- -----
  690     7 Total

Page ROM  %  RAM   Vol Diff  Functions:
---- --- --- ---   --- ----  ----------
0     27  87    0    86  2.3  main
 Inline         0             @cinit1

Program metrics:
    Functions               1
    Statements              7
    Comments                119
    Volume (V)              88
    Difficulty (D)          2.1
    Effort to implement (E) 185
    Time to implement (T)   0 minutes
    Est Delivered Bugs (B)  0
    Cyclomatic Complexity   1
    Maintainability (MI)    70

 Segment     Used  Free
-----------  ----  ----
00000-00003     4  0  
00004-007FF    27  2017  
00800-00FFF     0  2048  
01000-017FF     0  2048  
01800-01FFF     0  2048  



